<?xml version="1.0" encoding="UTF-8"?>
<testng-results ignored="0" total="1" passed="1" failed="0" skipped="0">
  <reporter-output>
  </reporter-output>
  <suite started-at="2024-11-25T19:16:05 IST" name="Default suite" finished-at="2024-11-25T19:16:05 IST" duration-ms="59">
    <groups>
    </groups>
    <test started-at="2024-11-25T19:16:05 IST" name="Default test" finished-at="2024-11-25T19:16:05 IST" duration-ms="59">
      <class name="SeleniumFrameworkUdemy.tes.T">
        <test-method is-config="true" signature="doThis()[pri:0, instance:SeleniumFrameworkUdemy.tes.T@61001b64]" started-at="2024-11-25T19:16:05 IST" name="doThis" finished-at="2024-11-25T19:16:05 IST" duration-ms="9" status="PASS">
          <reporter-output>
          </reporter-output>
        </test-method> <!-- doThis -->
        <test-method signature="testRun()[pri:0, instance:SeleniumFrameworkUdemy.tes.T@61001b64]" started-at="2024-11-25T19:16:05 IST" name="testRun" finished-at="2024-11-25T19:16:05 IST" duration-ms="6" status="PASS">
          <reporter-output>
          </reporter-output>
        </test-method> <!-- testRun -->
      </class> <!-- SeleniumFrameworkUdemy.tes.T -->
    </test> <!-- Default test -->
  </suite> <!-- Default suite -->
</testng-results>
